"2024-02-15 08:15:41,491 DEBUG Horse: Создание Horse, имя [SomeName], скорость [15.0]
""2024-02-15 08:15:42,690 DEBUG Horse: Создание Horse, имя [SomeName], скорость [15.0]
""2024-02-15 08:15:42,701 DEBUG Horse: Создание Horse, имя [SomeName], скорость [15.0]
""2024-02-15 08:15:42,711 DEBUG Horse: Создание Horse, имя [SomeName], скорость [15.0]
""2024-02-15 08:15:42,719 DEBUG Horse: Создание Horse, имя [SomeName], скорость [15.0]
""2024-02-15 08:15:42,728 DEBUG Horse: Создание Horse, имя [SomeName], скорость [15.0]
""2024-02-15 08:15:42,738 DEBUG Horse: Создание Horse, имя [SomeName], скорость [15.0]
""2024-02-15 08:15:42,747 ERROR Horse: Speed is negative
""2024-02-15 08:15:42,752 DEBUG Horse: Создание Horse, имя [SomeName], скорость [15.0]
""2024-02-15 08:15:42,757 ERROR Horse: Distance is negative
""2024-02-15 08:15:42,768 ERROR Horse: Name is blank
""2024-02-15 08:15:42,774 ERROR Horse: Name is blank
""2024-02-15 08:15:42,780 ERROR Horse: Name is blank
""2024-02-15 08:15:42,786 ERROR Horse: Name is blank
""2024-02-15 08:15:42,793 ERROR Horse: Name is blank
""2024-02-15 08:15:42,799 ERROR Horse: Name is blank
""2024-02-15 08:15:42,802 ERROR Horse: Name is null
""2024-02-15 08:15:42,811 ERROR Horse: Name is blank
""2024-02-15 08:15:42,815 ERROR Horse: Name is blank
""2024-02-15 08:15:42,818 ERROR Horse: Name is blank
""2024-02-15 08:15:42,822 ERROR Horse: Name is blank
""2024-02-15 08:15:42,827 ERROR Horse: Name is blank
""2024-02-15 08:15:42,832 ERROR Horse: Name is blank
""2024-02-15 08:15:42,835 DEBUG Horse: Создание Horse, имя [SomeName], скорость [15.0]
""2024-02-15 08:15:42,852 ERROR Horse: Distance is negative
""2024-02-15 08:15:42,855 ERROR Horse: Speed is negative
""2024-02-15 08:15:42,858 ERROR Horse: Name is null
""2024-02-15 08:15:42,861 DEBUG Horse: Создание Horse, имя [SomeName], скорость [15.0]
""2024-02-15 08:15:42,863 DEBUG Horse: Создание Horse, имя [SomeName], скорость [15.0]
""2024-02-15 08:17:11,406 DEBUG Horse: Создание Horse, имя [Bucephalus], скорость [2.4]
""2024-02-15 08:17:11,410 DEBUG Horse: Создание Horse, имя [Ace of Spades], скорость [2.5]
""2024-02-15 08:17:11,411 DEBUG Horse: Создание Horse, имя [Zephyr], скорость [2.6]
""2024-02-15 08:17:11,411 DEBUG Horse: Создание Horse, имя [Blaze], скорость [2.7]
""2024-02-15 08:17:11,412 DEBUG Horse: Создание Horse, имя [Lobster], скорость [2.8]
""2024-02-15 08:17:11,412 DEBUG Horse: Создание Horse, имя [Pegasus], скорость [2.9]
""2024-02-15 08:17:11,412 DEBUG Horse: Создание Horse, имя [Cherry], скорость [3.0]
""2024-02-15 08:17:11,414 DEBUG Hippodrome: Создание Hippodrome, лошадей [7]
""2024-02-15 08:17:11,414 INFO  Main: Начало скачек. Количество участников: 7
""2024-02-15 08:17:31,760 INFO  Main: Окончание скачек. Победитель: Cherry
"