"2024-02-14 22:34:28,216 DEBUG Horse: Создание Horse, имя [SomeName], скорость [15.0]
""2024-02-14 22:34:29,414 DEBUG Horse: Создание Horse, имя [SomeName], скорость [15.0]
""2024-02-14 22:34:29,424 DEBUG Horse: Создание Horse, имя [SomeName], скорость [15.0]
""2024-02-14 22:34:29,434 DEBUG Horse: Создание Horse, имя [SomeName], скорость [15.0]
""2024-02-14 22:34:29,443 DEBUG Horse: Создание Horse, имя [SomeName], скорость [15.0]
""2024-02-14 22:34:29,451 DEBUG Horse: Создание Horse, имя [SomeName], скорость [15.0]
""2024-02-14 22:36:16,501 DEBUG Horse: Создание Horse, имя [SomeName], скорость [15.0]
""2024-02-14 22:36:17,728 DEBUG Horse: Создание Horse, имя [SomeName], скорость [15.0]
""2024-02-14 22:36:17,737 DEBUG Horse: Создание Horse, имя [SomeName], скорость [15.0]
""2024-02-14 22:36:17,746 DEBUG Horse: Создание Horse, имя [SomeName], скорость [15.0]
""2024-02-14 22:36:17,754 DEBUG Horse: Создание Horse, имя [SomeName], скорость [15.0]
""2024-02-14 22:36:17,761 DEBUG Horse: Создание Horse, имя [SomeName], скорость [15.0]
""2024-02-14 23:41:07,627 DEBUG Horse: Создание Horse, имя [Bucephalus], скорость [2.4]
""2024-02-14 23:41:07,631 DEBUG Horse: Создание Horse, имя [Ace of Spades], скорость [2.5]
""2024-02-14 23:41:07,631 DEBUG Horse: Создание Horse, имя [Zephyr], скорость [2.6]
""2024-02-14 23:41:07,632 DEBUG Horse: Создание Horse, имя [Blaze], скорость [2.7]
""2024-02-14 23:41:07,632 DEBUG Horse: Создание Horse, имя [Lobster], скорость [2.8]
""2024-02-14 23:41:07,633 DEBUG Horse: Создание Horse, имя [Pegasus], скорость [2.9]
""2024-02-14 23:41:07,633 DEBUG Horse: Создание Horse, имя [Cherry], скорость [3.0]
""2024-02-14 23:41:07,635 DEBUG Hippodrome: Создание Hippodrome, лошадей [7]
""2024-02-14 23:41:07,635 INFO  Main: Начало скачек. Количество участников: 7
""2024-02-14 23:41:28,043 INFO  Main: Окончание скачек. Победитель: Cherry
""2024-02-14 23:47:14,682 DEBUG Horse: Создание Horse, имя [Bucephalus], скорость [2.4]
""2024-02-14 23:47:14,686 DEBUG Horse: Создание Horse, имя [Ace of Spades], скорость [2.5]
""2024-02-14 23:47:14,687 DEBUG Horse: Создание Horse, имя [Zephyr], скорость [2.6]
""2024-02-14 23:47:14,687 DEBUG Horse: Создание Horse, имя [Blaze], скорость [2.7]
""2024-02-14 23:47:14,688 DEBUG Horse: Создание Horse, имя [Lobster], скорость [2.8]
""2024-02-14 23:47:14,688 DEBUG Horse: Создание Horse, имя [Pegasus], скорость [2.9]
""2024-02-14 23:47:14,688 DEBUG Horse: Создание Horse, имя [Cherry], скорость [3.0]
""2024-02-14 23:47:14,690 DEBUG Hippodrome: Создание Hippodrome, лошадей [7]
""2024-02-14 23:47:14,690 INFO  Main: Начало скачек. Количество участников: 7
""2024-02-14 23:47:35,045 INFO  Main: Окончание скачек. Победитель: Cherry
"